0 info it worked if it ends with ok
1 verbose cli [ 'node', '/usr/local/bin/npm', 'install' ]
2 info using npm@1.4.28
3 info using node@v0.10.35
4 warn package.json myapp@1.0.0 No repository field.
5 warn package.json myapp@1.0.0 No README data
6 verbose readDependencies using package.json deps
7 verbose install where, deps [ '/Users/faizanshaikh/Documents/testionic/myApp',
7 verbose install   [ 'gulp',
7 verbose install     'gulp-sass',
7 verbose install     'gulp-concat',
7 verbose install     'gulp-minify-css',
7 verbose install     'gulp-rename',
7 verbose install     'bower',
7 verbose install     'gulp-util',
7 verbose install     'shelljs' ] ]
8 info preinstall myapp@1.0.0
9 verbose readDependencies using package.json deps
10 verbose cache add [ 'gulp@^3.5.6', null ]
11 verbose cache add name=undefined spec="gulp@^3.5.6" args=["gulp@^3.5.6",null]
12 verbose parsed url { protocol: null,
12 verbose parsed url   slashes: null,
12 verbose parsed url   auth: null,
12 verbose parsed url   host: null,
12 verbose parsed url   port: null,
12 verbose parsed url   hostname: null,
12 verbose parsed url   hash: null,
12 verbose parsed url   search: null,
12 verbose parsed url   query: null,
12 verbose parsed url   pathname: 'gulp@^3.5.6',
12 verbose parsed url   path: 'gulp@^3.5.6',
12 verbose parsed url   href: 'gulp@^3.5.6' }
13 verbose cache add [ 'gulp-sass@^0.7.1', null ]
14 verbose cache add name=undefined spec="gulp-sass@^0.7.1" args=["gulp-sass@^0.7.1",null]
15 verbose parsed url { protocol: null,
15 verbose parsed url   slashes: null,
15 verbose parsed url   auth: null,
15 verbose parsed url   host: null,
15 verbose parsed url   port: null,
15 verbose parsed url   hostname: null,
15 verbose parsed url   hash: null,
15 verbose parsed url   search: null,
15 verbose parsed url   query: null,
15 verbose parsed url   pathname: 'gulp-sass@^0.7.1',
15 verbose parsed url   path: 'gulp-sass@^0.7.1',
15 verbose parsed url   href: 'gulp-sass@^0.7.1' }
16 verbose cache add name="gulp" spec="^3.5.6" args=["gulp","^3.5.6"]
17 verbose parsed url { protocol: null,
17 verbose parsed url   slashes: null,
17 verbose parsed url   auth: null,
17 verbose parsed url   host: null,
17 verbose parsed url   port: null,
17 verbose parsed url   hostname: null,
17 verbose parsed url   hash: null,
17 verbose parsed url   search: null,
17 verbose parsed url   query: null,
17 verbose parsed url   pathname: '^3.5.6',
17 verbose parsed url   path: '^3.5.6',
17 verbose parsed url   href: '^3.5.6' }
18 verbose addNamed [ 'gulp', '^3.5.6' ]
19 verbose addNamed [ null, '>=3.5.6-0 <4.0.0-0' ]
20 verbose cache add [ 'gulp-concat@^2.2.0', null ]
21 verbose cache add name=undefined spec="gulp-concat@^2.2.0" args=["gulp-concat@^2.2.0",null]
22 verbose parsed url { protocol: null,
22 verbose parsed url   slashes: null,
22 verbose parsed url   auth: null,
22 verbose parsed url   host: null,
22 verbose parsed url   port: null,
22 verbose parsed url   hostname: null,
22 verbose parsed url   hash: null,
22 verbose parsed url   search: null,
22 verbose parsed url   query: null,
22 verbose parsed url   pathname: 'gulp-concat@^2.2.0',
22 verbose parsed url   path: 'gulp-concat@^2.2.0',
22 verbose parsed url   href: 'gulp-concat@^2.2.0' }
23 verbose cache add [ 'gulp-minify-css@^0.3.0', null ]
24 verbose cache add name=undefined spec="gulp-minify-css@^0.3.0" args=["gulp-minify-css@^0.3.0",null]
25 verbose parsed url { protocol: null,
25 verbose parsed url   slashes: null,
25 verbose parsed url   auth: null,
25 verbose parsed url   host: null,
25 verbose parsed url   port: null,
25 verbose parsed url   hostname: null,
25 verbose parsed url   hash: null,
25 verbose parsed url   search: null,
25 verbose parsed url   query: null,
25 verbose parsed url   pathname: 'gulp-minify-css@^0.3.0',
25 verbose parsed url   path: 'gulp-minify-css@^0.3.0',
25 verbose parsed url   href: 'gulp-minify-css@^0.3.0' }
26 verbose cache add [ 'gulp-rename@^1.2.0', null ]
27 verbose cache add name=undefined spec="gulp-rename@^1.2.0" args=["gulp-rename@^1.2.0",null]
28 verbose parsed url { protocol: null,
28 verbose parsed url   slashes: null,
28 verbose parsed url   auth: null,
28 verbose parsed url   host: null,
28 verbose parsed url   port: null,
28 verbose parsed url   hostname: null,
28 verbose parsed url   hash: null,
28 verbose parsed url   search: null,
28 verbose parsed url   query: null,
28 verbose parsed url   pathname: 'gulp-rename@^1.2.0',
28 verbose parsed url   path: 'gulp-rename@^1.2.0',
28 verbose parsed url   href: 'gulp-rename@^1.2.0' }
29 verbose cache add name="gulp-sass" spec="^0.7.1" args=["gulp-sass","^0.7.1"]
30 verbose parsed url { protocol: null,
30 verbose parsed url   slashes: null,
30 verbose parsed url   auth: null,
30 verbose parsed url   host: null,
30 verbose parsed url   port: null,
30 verbose parsed url   hostname: null,
30 verbose parsed url   hash: null,
30 verbose parsed url   search: null,
30 verbose parsed url   query: null,
30 verbose parsed url   pathname: '^0.7.1',
30 verbose parsed url   path: '^0.7.1',
30 verbose parsed url   href: '^0.7.1' }
31 verbose addNamed [ 'gulp-sass', '^0.7.1' ]
32 verbose addNamed [ null, '>=0.7.1-0 <0.8.0-0' ]
33 silly lockFile 28ac0b1b-gulp-3-5-6 gulp@^3.5.6
34 verbose lock gulp@^3.5.6 /Users/faizanshaikh/.npm/28ac0b1b-gulp-3-5-6.lock
35 silly lockFile 77100620-gulp-sass-0-7-1 gulp-sass@^0.7.1
36 verbose lock gulp-sass@^0.7.1 /Users/faizanshaikh/.npm/77100620-gulp-sass-0-7-1.lock
37 verbose cache add name="gulp-concat" spec="^2.2.0" args=["gulp-concat","^2.2.0"]
38 verbose parsed url { protocol: null,
38 verbose parsed url   slashes: null,
38 verbose parsed url   auth: null,
38 verbose parsed url   host: null,
38 verbose parsed url   port: null,
38 verbose parsed url   hostname: null,
38 verbose parsed url   hash: null,
38 verbose parsed url   search: null,
38 verbose parsed url   query: null,
38 verbose parsed url   pathname: '^2.2.0',
38 verbose parsed url   path: '^2.2.0',
38 verbose parsed url   href: '^2.2.0' }
39 verbose addNamed [ 'gulp-concat', '^2.2.0' ]
40 verbose addNamed [ null, '>=2.2.0-0 <3.0.0-0' ]
41 silly lockFile bade1119-gulp-concat-2-2-0 gulp-concat@^2.2.0
42 verbose lock gulp-concat@^2.2.0 /Users/faizanshaikh/.npm/bade1119-gulp-concat-2-2-0.lock
43 verbose cache add name="gulp-minify-css" spec="^0.3.0" args=["gulp-minify-css","^0.3.0"]
44 verbose parsed url { protocol: null,
44 verbose parsed url   slashes: null,
44 verbose parsed url   auth: null,
44 verbose parsed url   host: null,
44 verbose parsed url   port: null,
44 verbose parsed url   hostname: null,
44 verbose parsed url   hash: null,
44 verbose parsed url   search: null,
44 verbose parsed url   query: null,
44 verbose parsed url   pathname: '^0.3.0',
44 verbose parsed url   path: '^0.3.0',
44 verbose parsed url   href: '^0.3.0' }
45 verbose addNamed [ 'gulp-minify-css', '^0.3.0' ]
46 verbose addNamed [ null, '>=0.3.0-0 <0.4.0-0' ]
47 silly lockFile 97140670-gulp-minify-css-0-3-0 gulp-minify-css@^0.3.0
48 verbose lock gulp-minify-css@^0.3.0 /Users/faizanshaikh/.npm/97140670-gulp-minify-css-0-3-0.lock
49 verbose cache add [ 'bower@^1.3.3', null ]
50 verbose cache add name=undefined spec="bower@^1.3.3" args=["bower@^1.3.3",null]
51 verbose parsed url { protocol: null,
51 verbose parsed url   slashes: null,
51 verbose parsed url   auth: null,
51 verbose parsed url   host: null,
51 verbose parsed url   port: null,
51 verbose parsed url   hostname: null,
51 verbose parsed url   hash: null,
51 verbose parsed url   search: null,
51 verbose parsed url   query: null,
51 verbose parsed url   pathname: 'bower@^1.3.3',
51 verbose parsed url   path: 'bower@^1.3.3',
51 verbose parsed url   href: 'bower@^1.3.3' }
52 verbose cache add [ 'gulp-util@^2.2.14', null ]
53 verbose cache add name=undefined spec="gulp-util@^2.2.14" args=["gulp-util@^2.2.14",null]
54 verbose parsed url { protocol: null,
54 verbose parsed url   slashes: null,
54 verbose parsed url   auth: null,
54 verbose parsed url   host: null,
54 verbose parsed url   port: null,
54 verbose parsed url   hostname: null,
54 verbose parsed url   hash: null,
54 verbose parsed url   search: null,
54 verbose parsed url   query: null,
54 verbose parsed url   pathname: 'gulp-util@^2.2.14',
54 verbose parsed url   path: 'gulp-util@^2.2.14',
54 verbose parsed url   href: 'gulp-util@^2.2.14' }
55 verbose cache add name="gulp-rename" spec="^1.2.0" args=["gulp-rename","^1.2.0"]
56 verbose parsed url { protocol: null,
56 verbose parsed url   slashes: null,
56 verbose parsed url   auth: null,
56 verbose parsed url   host: null,
56 verbose parsed url   port: null,
56 verbose parsed url   hostname: null,
56 verbose parsed url   hash: null,
56 verbose parsed url   search: null,
56 verbose parsed url   query: null,
56 verbose parsed url   pathname: '^1.2.0',
56 verbose parsed url   path: '^1.2.0',
56 verbose parsed url   href: '^1.2.0' }
57 verbose addNamed [ 'gulp-rename', '^1.2.0' ]
58 verbose addNamed [ null, '>=1.2.0-0 <2.0.0-0' ]
59 silly lockFile 31cef36d-gulp-rename-1-2-0 gulp-rename@^1.2.0
60 verbose lock gulp-rename@^1.2.0 /Users/faizanshaikh/.npm/31cef36d-gulp-rename-1-2-0.lock
61 verbose cache add name="bower" spec="^1.3.3" args=["bower","^1.3.3"]
62 verbose parsed url { protocol: null,
62 verbose parsed url   slashes: null,
62 verbose parsed url   auth: null,
62 verbose parsed url   host: null,
62 verbose parsed url   port: null,
62 verbose parsed url   hostname: null,
62 verbose parsed url   hash: null,
62 verbose parsed url   search: null,
62 verbose parsed url   query: null,
62 verbose parsed url   pathname: '^1.3.3',
62 verbose parsed url   path: '^1.3.3',
62 verbose parsed url   href: '^1.3.3' }
63 verbose addNamed [ 'bower', '^1.3.3' ]
64 verbose addNamed [ null, '>=1.3.3-0 <2.0.0-0' ]
65 silly lockFile 0aa5c27e-bower-1-3-3 bower@^1.3.3
66 verbose lock bower@^1.3.3 /Users/faizanshaikh/.npm/0aa5c27e-bower-1-3-3.lock
67 verbose cache add name="gulp-util" spec="^2.2.14" args=["gulp-util","^2.2.14"]
68 verbose parsed url { protocol: null,
68 verbose parsed url   slashes: null,
68 verbose parsed url   auth: null,
68 verbose parsed url   host: null,
68 verbose parsed url   port: null,
68 verbose parsed url   hostname: null,
68 verbose parsed url   hash: null,
68 verbose parsed url   search: null,
68 verbose parsed url   query: null,
68 verbose parsed url   pathname: '^2.2.14',
68 verbose parsed url   path: '^2.2.14',
68 verbose parsed url   href: '^2.2.14' }
69 verbose addNamed [ 'gulp-util', '^2.2.14' ]
70 verbose addNamed [ null, '>=2.2.14-0 <3.0.0-0' ]
71 silly lockFile e3e5f16b-gulp-util-2-2-14 gulp-util@^2.2.14
72 verbose lock gulp-util@^2.2.14 /Users/faizanshaikh/.npm/e3e5f16b-gulp-util-2-2-14.lock
73 verbose cache add [ 'shelljs@^0.3.0', null ]
74 verbose cache add name=undefined spec="shelljs@^0.3.0" args=["shelljs@^0.3.0",null]
75 verbose parsed url { protocol: null,
75 verbose parsed url   slashes: null,
75 verbose parsed url   auth: null,
75 verbose parsed url   host: null,
75 verbose parsed url   port: null,
75 verbose parsed url   hostname: null,
75 verbose parsed url   hash: null,
75 verbose parsed url   search: null,
75 verbose parsed url   query: null,
75 verbose parsed url   pathname: 'shelljs@^0.3.0',
75 verbose parsed url   path: 'shelljs@^0.3.0',
75 verbose parsed url   href: 'shelljs@^0.3.0' }
76 silly addNameRange { name: 'gulp', range: '>=3.5.6-0 <4.0.0-0', hasData: false }
77 silly addNameRange { name: 'gulp-sass',
77 silly addNameRange   range: '>=0.7.1-0 <0.8.0-0',
77 silly addNameRange   hasData: false }
78 silly addNameRange { name: 'gulp-concat',
78 silly addNameRange   range: '>=2.2.0-0 <3.0.0-0',
78 silly addNameRange   hasData: false }
79 silly addNameRange { name: 'gulp-minify-css',
79 silly addNameRange   range: '>=0.3.0-0 <0.4.0-0',
79 silly addNameRange   hasData: false }
80 verbose cache add name="shelljs" spec="^0.3.0" args=["shelljs","^0.3.0"]
81 verbose parsed url { protocol: null,
81 verbose parsed url   slashes: null,
81 verbose parsed url   auth: null,
81 verbose parsed url   host: null,
81 verbose parsed url   port: null,
81 verbose parsed url   hostname: null,
81 verbose parsed url   hash: null,
81 verbose parsed url   search: null,
81 verbose parsed url   query: null,
81 verbose parsed url   pathname: '^0.3.0',
81 verbose parsed url   path: '^0.3.0',
81 verbose parsed url   href: '^0.3.0' }
82 verbose addNamed [ 'shelljs', '^0.3.0' ]
83 verbose addNamed [ null, '>=0.3.0-0 <0.4.0-0' ]
84 silly lockFile 1ddaa962-shelljs-0-3-0 shelljs@^0.3.0
85 verbose lock shelljs@^0.3.0 /Users/faizanshaikh/.npm/1ddaa962-shelljs-0-3-0.lock
86 silly addNameRange { name: 'gulp-rename',
86 silly addNameRange   range: '>=1.2.0-0 <2.0.0-0',
86 silly addNameRange   hasData: false }
87 verbose request where is /gulp
88 verbose request registry https://registry.npmjs.org/
89 verbose request id b70fd9ed50eaaec8
90 verbose url raw /gulp
91 verbose url resolving [ 'https://registry.npmjs.org/', './gulp' ]
92 verbose url resolved https://registry.npmjs.org/gulp
93 verbose request where is https://registry.npmjs.org/gulp
94 info trying registry request attempt 1 at 13:16:19
95 http GET https://registry.npmjs.org/gulp
96 verbose request where is /gulp-sass
97 verbose request registry https://registry.npmjs.org/
98 verbose url raw /gulp-sass
99 verbose url resolving [ 'https://registry.npmjs.org/', './gulp-sass' ]
100 verbose url resolved https://registry.npmjs.org/gulp-sass
101 verbose request where is https://registry.npmjs.org/gulp-sass
102 info trying registry request attempt 1 at 13:16:19
103 http GET https://registry.npmjs.org/gulp-sass
104 verbose request where is /gulp-concat
105 verbose request registry https://registry.npmjs.org/
106 verbose url raw /gulp-concat
107 verbose url resolving [ 'https://registry.npmjs.org/', './gulp-concat' ]
108 verbose url resolved https://registry.npmjs.org/gulp-concat
109 verbose request where is https://registry.npmjs.org/gulp-concat
110 info trying registry request attempt 1 at 13:16:19
111 http GET https://registry.npmjs.org/gulp-concat
112 verbose request where is /gulp-minify-css
113 verbose request registry https://registry.npmjs.org/
114 verbose url raw /gulp-minify-css
115 verbose url resolving [ 'https://registry.npmjs.org/', './gulp-minify-css' ]
116 verbose url resolved https://registry.npmjs.org/gulp-minify-css
117 verbose request where is https://registry.npmjs.org/gulp-minify-css
118 info trying registry request attempt 1 at 13:16:19
119 http GET https://registry.npmjs.org/gulp-minify-css
120 silly addNameRange { name: 'bower', range: '>=1.3.3-0 <2.0.0-0', hasData: false }
121 silly addNameRange { name: 'gulp-util',
121 silly addNameRange   range: '>=2.2.14-0 <3.0.0-0',
121 silly addNameRange   hasData: false }
122 verbose request where is /gulp-rename
123 verbose request registry https://registry.npmjs.org/
124 verbose url raw /gulp-rename
125 verbose url resolving [ 'https://registry.npmjs.org/', './gulp-rename' ]
126 verbose url resolved https://registry.npmjs.org/gulp-rename
127 verbose request where is https://registry.npmjs.org/gulp-rename
128 info trying registry request attempt 1 at 13:16:19
129 http GET https://registry.npmjs.org/gulp-rename
130 verbose request where is /bower
131 verbose request registry https://registry.npmjs.org/
132 verbose url raw /bower
133 verbose url resolving [ 'https://registry.npmjs.org/', './bower' ]
134 verbose url resolved https://registry.npmjs.org/bower
135 verbose request where is https://registry.npmjs.org/bower
136 info trying registry request attempt 1 at 13:16:19
137 http GET https://registry.npmjs.org/bower
138 silly addNameRange { name: 'shelljs', range: '>=0.3.0-0 <0.4.0-0', hasData: false }
139 verbose request where is /gulp-util
140 verbose request registry https://registry.npmjs.org/
141 verbose url raw /gulp-util
142 verbose url resolving [ 'https://registry.npmjs.org/', './gulp-util' ]
143 verbose url resolved https://registry.npmjs.org/gulp-util
144 verbose request where is https://registry.npmjs.org/gulp-util
145 info trying registry request attempt 1 at 13:16:19
146 http GET https://registry.npmjs.org/gulp-util
147 verbose request where is /shelljs
148 verbose request registry https://registry.npmjs.org/
149 verbose url raw /shelljs
150 verbose url resolving [ 'https://registry.npmjs.org/', './shelljs' ]
151 verbose url resolved https://registry.npmjs.org/shelljs
152 verbose request where is https://registry.npmjs.org/shelljs
153 info trying registry request attempt 1 at 13:16:19
154 verbose etag "8FAWH62EGX90BM06J28H0BAF8"
155 http GET https://registry.npmjs.org/shelljs
156 http 200 https://registry.npmjs.org/gulp-rename
157 silly registry.get cb [ 200,
157 silly registry.get   { date: 'Thu, 22 Jan 2015 09:16:01 GMT',
157 silly registry.get     server: 'CouchDB/1.5.0 (Erlang OTP/R16B03)',
157 silly registry.get     etag: '"5KMQD77HZ0X3HHVQIDTRDV6BF"',
157 silly registry.get     'content-type': 'application/json',
157 silly registry.get     'cache-control': 'max-age=60',
157 silly registry.get     'content-length': '9947',
157 silly registry.get     'accept-ranges': 'bytes',
157 silly registry.get     via: '1.1 varnish',
157 silly registry.get     age: '1',
157 silly registry.get     'x-served-by': 'cache-fra1220-FRA',
157 silly registry.get     'x-cache': 'HIT',
157 silly registry.get     'x-cache-hits': '1',
157 silly registry.get     'x-timer': 'S1421918161.141449,VS0,VE0',
157 silly registry.get     vary: 'Accept',
157 silly registry.get     'keep-alive': 'timeout=10, max=50',
157 silly registry.get     connection: 'Keep-Alive' } ]
158 silly addNameRange number 2 { name: 'gulp-rename',
158 silly addNameRange   range: '>=1.2.0-0 <2.0.0-0',
158 silly addNameRange   hasData: true }
159 silly addNameRange versions [ 'gulp-rename',
159 silly addNameRange   [ '0.1.0', '0.2.1', '0.2.2', '1.0.0', '1.1.0', '1.2.0' ] ]
160 verbose addNamed [ 'gulp-rename', '1.2.0' ]
161 verbose addNamed [ '1.2.0', '1.2.0' ]
162 silly lockFile 5981c611-gulp-rename-1-2-0 gulp-rename@1.2.0
163 verbose lock gulp-rename@1.2.0 /Users/faizanshaikh/.npm/5981c611-gulp-rename-1-2-0.lock
164 silly lockFile b4be9a05-ulp-rename-gulp-rename-1-2-0-tgz https://registry.npmjs.org/gulp-rename/-/gulp-rename-1.2.0.tgz
165 verbose lock https://registry.npmjs.org/gulp-rename/-/gulp-rename-1.2.0.tgz /Users/faizanshaikh/.npm/b4be9a05-ulp-rename-gulp-rename-1-2-0-tgz.lock
166 verbose addRemoteTarball [ 'https://registry.npmjs.org/gulp-rename/-/gulp-rename-1.2.0.tgz',
166 verbose addRemoteTarball   '060394a09b085cf5d46fc48acdc5657f8fee9e4e' ]
167 info retry fetch attempt 1 at 13:16:20
168 verbose fetch to= /var/folders/2j/kr6_nq2n56n4xfyht_tkx9180000gn/T/npm-61451-QH8l3MQi/registry.npmjs.org/gulp-rename/-/gulp-rename-1.2.0.tgz
169 http GET https://registry.npmjs.org/gulp-rename/-/gulp-rename-1.2.0.tgz
170 http 200 https://registry.npmjs.org/gulp-minify-css
171 silly registry.get cb [ 200,
171 silly registry.get   { date: 'Thu, 22 Jan 2015 09:16:01 GMT',
171 silly registry.get     server: 'CouchDB/1.5.0 (Erlang OTP/R16B03)',
171 silly registry.get     etag: '"7FSSLSODYNXN1EZ5HETEQYWYW"',
171 silly registry.get     'content-type': 'application/json',
171 silly registry.get     'cache-control': 'max-age=60',
171 silly registry.get     'content-length': '30784',
171 silly registry.get     'accept-ranges': 'bytes',
171 silly registry.get     via: '1.1 varnish',
171 silly registry.get     age: '32',
171 silly registry.get     'x-served-by': 'cache-fra1247-FRA',
171 silly registry.get     'x-cache': 'HIT',
171 silly registry.get     'x-cache-hits': '1',
171 silly registry.get     'x-timer': 'S1421918161.101085,VS0,VE0',
171 silly registry.get     vary: 'Accept',
171 silly registry.get     'keep-alive': 'timeout=10, max=50',
171 silly registry.get     connection: 'Keep-Alive' } ]
172 silly addNameRange number 2 { name: 'gulp-minify-css',
172 silly addNameRange   range: '>=0.3.0-0 <0.4.0-0',
172 silly addNameRange   hasData: true }
173 silly addNameRange versions [ 'gulp-minify-css',
173 silly addNameRange   [ '0.0.1',
173 silly addNameRange     '0.1.0',
173 silly addNameRange     '0.2.0',
173 silly addNameRange     '0.3.0',
173 silly addNameRange     '0.3.1',
173 silly addNameRange     '0.3.2',
173 silly addNameRange     '0.3.3',
173 silly addNameRange     '0.3.4',
173 silly addNameRange     '0.3.5',
173 silly addNameRange     '0.3.6',
173 silly addNameRange     '0.3.7',
173 silly addNameRange     '0.3.8',
173 silly addNameRange     '0.3.9',
173 silly addNameRange     '0.3.10',
173 silly addNameRange     '0.3.11',
173 silly addNameRange     '0.3.12',
173 silly addNameRange     '0.3.13',
173 silly addNameRange     '0.4.0',
173 silly addNameRange     '0.4.1',
173 silly addNameRange     '0.4.2' ] ]
174 verbose addNamed [ 'gulp-minify-css', '0.3.13' ]
175 verbose addNamed [ '0.3.13', '0.3.13' ]
176 silly lockFile 9038a954-gulp-minify-css-0-3-13 gulp-minify-css@0.3.13
177 verbose lock gulp-minify-css@0.3.13 /Users/faizanshaikh/.npm/9038a954-gulp-minify-css-0-3-13.lock
178 silly lockFile 8781e9f5-y-css-gulp-minify-css-0-3-13-tgz https://registry.npmjs.org/gulp-minify-css/-/gulp-minify-css-0.3.13.tgz
179 verbose lock https://registry.npmjs.org/gulp-minify-css/-/gulp-minify-css-0.3.13.tgz /Users/faizanshaikh/.npm/8781e9f5-y-css-gulp-minify-css-0-3-13-tgz.lock
180 verbose addRemoteTarball [ 'https://registry.npmjs.org/gulp-minify-css/-/gulp-minify-css-0.3.13.tgz',
180 verbose addRemoteTarball   'ba813c665422868305383ccd185f239c1e35209b' ]
181 info retry fetch attempt 1 at 13:16:20
182 verbose fetch to= /var/folders/2j/kr6_nq2n56n4xfyht_tkx9180000gn/T/npm-61451-QH8l3MQi/registry.npmjs.org/gulp-minify-css/-/gulp-minify-css-0.3.13.tgz
183 http GET https://registry.npmjs.org/gulp-minify-css/-/gulp-minify-css-0.3.13.tgz
184 http 200 https://registry.npmjs.org/gulp-concat
185 silly registry.get cb [ 200,
185 silly registry.get   { date: 'Thu, 22 Jan 2015 09:16:01 GMT',
185 silly registry.get     server: 'CouchDB/1.5.0 (Erlang OTP/R14B04)',
185 silly registry.get     etag: '"54UNBJJKJUU64TUDCGJX5D7S3"',
185 silly registry.get     'content-type': 'application/json',
185 silly registry.get     'cache-control': 'max-age=60',
185 silly registry.get     'content-length': '30342',
185 silly registry.get     'accept-ranges': 'bytes',
185 silly registry.get     via: '1.1 varnish',
185 silly registry.get     age: '39',
185 silly registry.get     'x-served-by': 'cache-fra1231-FRA',
185 silly registry.get     'x-cache': 'HIT',
185 silly registry.get     'x-cache-hits': '3',
185 silly registry.get     'x-timer': 'S1421918161.122311,VS0,VE0',
185 silly registry.get     vary: 'Accept',
185 silly registry.get     'keep-alive': 'timeout=10, max=50',
185 silly registry.get     connection: 'Keep-Alive' } ]
186 silly addNameRange number 2 { name: 'gulp-concat',
186 silly addNameRange   range: '>=2.2.0-0 <3.0.0-0',
186 silly addNameRange   hasData: true }
187 silly addNameRange versions [ 'gulp-concat',
187 silly addNameRange   [ '0.0.1',
187 silly addNameRange     '1.0.0',
187 silly addNameRange     '1.1.0',
187 silly addNameRange     '2.0.0',
187 silly addNameRange     '2.1.0',
187 silly addNameRange     '2.1.1',
187 silly addNameRange     '2.1.2',
187 silly addNameRange     '2.1.3',
187 silly addNameRange     '2.1.4',
187 silly addNameRange     '2.1.5',
187 silly addNameRange     '2.1.6',
187 silly addNameRange     '2.1.7',
187 silly addNameRange     '2.2.0',
187 silly addNameRange     '2.3.0',
187 silly addNameRange     '2.3.3',
187 silly addNameRange     '2.3.4',
187 silly addNameRange     '2.3.5',
187 silly addNameRange     '2.4.0',
187 silly addNameRange     '2.4.1',
187 silly addNameRange     '2.4.2',
187 silly addNameRange     '2.4.3' ] ]
188 verbose addNamed [ 'gulp-concat', '2.4.3' ]
189 verbose addNamed [ '2.4.3', '2.4.3' ]
190 silly lockFile 07935a45-gulp-concat-2-4-3 gulp-concat@2.4.3
191 verbose lock gulp-concat@2.4.3 /Users/faizanshaikh/.npm/07935a45-gulp-concat-2-4-3.lock
192 silly lockFile ed610d0c-ulp-concat-gulp-concat-2-4-3-tgz https://registry.npmjs.org/gulp-concat/-/gulp-concat-2.4.3.tgz
193 verbose lock https://registry.npmjs.org/gulp-concat/-/gulp-concat-2.4.3.tgz /Users/faizanshaikh/.npm/ed610d0c-ulp-concat-gulp-concat-2-4-3-tgz.lock
194 verbose addRemoteTarball [ 'https://registry.npmjs.org/gulp-concat/-/gulp-concat-2.4.3.tgz',
194 verbose addRemoteTarball   'dd913c3773b02f9dfb3f70e30215dc07a5cf32f7' ]
195 info retry fetch attempt 1 at 13:16:20
196 verbose fetch to= /var/folders/2j/kr6_nq2n56n4xfyht_tkx9180000gn/T/npm-61451-QH8l3MQi/registry.npmjs.org/gulp-concat/-/gulp-concat-2.4.3.tgz
197 http GET https://registry.npmjs.org/gulp-concat/-/gulp-concat-2.4.3.tgz
198 http 200 https://registry.npmjs.org/gulp-sass
199 silly registry.get cb [ 200,
199 silly registry.get   { date: 'Thu, 22 Jan 2015 09:16:01 GMT',
199 silly registry.get     server: 'CouchDB/1.5.0 (Erlang OTP/R14B04)',
199 silly registry.get     etag: '"4EPL8T7RGZMYRY6V2ICWOXJWQ"',
199 silly registry.get     'content-type': 'application/json',
199 silly registry.get     'cache-control': 'max-age=60',
199 silly registry.get     'content-length': '30572',
199 silly registry.get     'accept-ranges': 'bytes',
199 silly registry.get     via: '1.1 varnish',
199 silly registry.get     age: '16',
199 silly registry.get     'x-served-by': 'cache-fra1224-FRA',
199 silly registry.get     'x-cache': 'HIT',
199 silly registry.get     'x-cache-hits': '1',
199 silly registry.get     'x-timer': 'S1421918161.174940,VS0,VE0',
199 silly registry.get     vary: 'Accept',
199 silly registry.get     'keep-alive': 'timeout=10, max=50',
199 silly registry.get     connection: 'Keep-Alive' } ]
200 silly addNameRange number 2 { name: 'gulp-sass', range: '>=0.7.1-0 <0.8.0-0', hasData: true }
201 silly addNameRange versions [ 'gulp-sass',
201 silly addNameRange   [ '0.1.0',
201 silly addNameRange     '0.2.1',
201 silly addNameRange     '0.2.2',
201 silly addNameRange     '0.2.3',
201 silly addNameRange     '0.3.0',
201 silly addNameRange     '0.4.0',
201 silly addNameRange     '0.4.1',
201 silly addNameRange     '0.5.0',
201 silly addNameRange     '0.5.1',
201 silly addNameRange     '0.5.2',
201 silly addNameRange     '0.6.0',
201 silly addNameRange     '0.7.0',
201 silly addNameRange     '0.7.1',
201 silly addNameRange     '0.7.2',
201 silly addNameRange     '0.7.3',
201 silly addNameRange     '1.0.0',
201 silly addNameRange     '1.1.0',
201 silly addNameRange     '1.2.0',
201 silly addNameRange     '1.2.1',
201 silly addNameRange     '1.2.2',
201 silly addNameRange     '1.2.3',
201 silly addNameRange     '1.2.4',
201 silly addNameRange     '1.3.0',
201 silly addNameRange     '1.3.1',
201 silly addNameRange     '1.3.2' ] ]
202 verbose addNamed [ 'gulp-sass', '0.7.3' ]
203 verbose addNamed [ '0.7.3', '0.7.3' ]
204 silly lockFile 721f0c96-gulp-sass-0-7-3 gulp-sass@0.7.3
205 verbose lock gulp-sass@0.7.3 /Users/faizanshaikh/.npm/721f0c96-gulp-sass-0-7-3.lock
206 silly lockFile d66f14f4-rg-gulp-sass-gulp-sass-0-7-3-tgz https://registry.npmjs.org/gulp-sass/-/gulp-sass-0.7.3.tgz
207 verbose lock https://registry.npmjs.org/gulp-sass/-/gulp-sass-0.7.3.tgz /Users/faizanshaikh/.npm/d66f14f4-rg-gulp-sass-gulp-sass-0-7-3-tgz.lock
208 verbose addRemoteTarball [ 'https://registry.npmjs.org/gulp-sass/-/gulp-sass-0.7.3.tgz',
208 verbose addRemoteTarball   '4bfbb4e4d95a40be8beeebe07e8e477e7f7a2edc' ]
209 info retry fetch attempt 1 at 13:16:20
210 verbose fetch to= /var/folders/2j/kr6_nq2n56n4xfyht_tkx9180000gn/T/npm-61451-QH8l3MQi/registry.npmjs.org/gulp-sass/-/gulp-sass-0.7.3.tgz
211 http GET https://registry.npmjs.org/gulp-sass/-/gulp-sass-0.7.3.tgz
212 http 304 https://registry.npmjs.org/shelljs
213 silly registry.get cb [ 304,
213 silly registry.get   { date: 'Thu, 22 Jan 2015 09:16:01 GMT',
213 silly registry.get     server: 'Apache',
213 silly registry.get     via: '1.1 varnish',
213 silly registry.get     'last-modified': 'Thu, 22 Jan 2015 09:15:48 GMT',
213 silly registry.get     'cache-control': 'max-age=60',
213 silly registry.get     etag: '"8FAWH62EGX90BM06J28H0BAF8"',
213 silly registry.get     age: '13',
213 silly registry.get     'x-served-by': 'cache-fra1231-FRA',
213 silly registry.get     'x-cache': 'HIT',
213 silly registry.get     'x-cache-hits': '2',
213 silly registry.get     'x-timer': 'S1421918161.411268,VS0,VE0',
213 silly registry.get     vary: 'Accept',
213 silly registry.get     'content-length': '0',
213 silly registry.get     'keep-alive': 'timeout=10, max=49',
213 silly registry.get     connection: 'Keep-Alive' } ]
214 verbose etag https://registry.npmjs.org/shelljs from cache
215 silly addNameRange number 2 { name: 'shelljs', range: '>=0.3.0-0 <0.4.0-0', hasData: true }
216 silly addNameRange versions [ 'shelljs',
216 silly addNameRange   [ '0.0.1',
216 silly addNameRange     '0.0.2',
216 silly addNameRange     '0.0.3',
216 silly addNameRange     '0.0.4',
216 silly addNameRange     '0.0.5',
216 silly addNameRange     '0.0.6',
216 silly addNameRange     '0.0.7',
216 silly addNameRange     '0.0.8',
216 silly addNameRange     '0.0.9',
216 silly addNameRange     '0.1.0',
216 silly addNameRange     '0.1.1',
216 silly addNameRange     '0.1.2',
216 silly addNameRange     '0.1.3',
216 silly addNameRange     '0.1.4',
216 silly addNameRange     '0.2.0',
216 silly addNameRange     '0.2.1',
216 silly addNameRange     '0.2.2',
216 silly addNameRange     '0.2.3',
216 silly addNameRange     '0.2.4',
216 silly addNameRange     '0.2.5',
216 silly addNameRange     '0.2.6',
216 silly addNameRange     '0.3.0',
216 silly addNameRange     '0.0.1-alpha1',
216 silly addNameRange     '0.0.2-pre1',
216 silly addNameRange     '0.0.4-pre1',
216 silly addNameRange     '0.0.5-pre1',
216 silly addNameRange     '0.0.5-pre2',
216 silly addNameRange     '0.0.5-pre3',
216 silly addNameRange     '0.0.5-pre4',
216 silly addNameRange     '0.0.6-pre1',
216 silly addNameRange     '0.0.6-pre2' ] ]
217 verbose addNamed [ 'shelljs', '0.3.0' ]
218 verbose addNamed [ '0.3.0', '0.3.0' ]
219 silly lockFile 7d3918b1-shelljs-0-3-0 shelljs@0.3.0
220 verbose lock shelljs@0.3.0 /Users/faizanshaikh/.npm/7d3918b1-shelljs-0-3-0.lock
221 silly lockFile 7d3918b1-shelljs-0-3-0 shelljs@0.3.0
222 silly lockFile 7d3918b1-shelljs-0-3-0 shelljs@0.3.0
223 silly lockFile 1ddaa962-shelljs-0-3-0 shelljs@^0.3.0
224 silly lockFile 1ddaa962-shelljs-0-3-0 shelljs@^0.3.0
225 http 200 https://registry.npmjs.org/gulp
226 silly registry.get cb [ 200,
226 silly registry.get   { date: 'Thu, 22 Jan 2015 09:16:01 GMT',
226 silly registry.get     server: 'CouchDB/1.5.0 (Erlang OTP/R16B03)',
226 silly registry.get     etag: '"5BOYMVCPS7ACC6VT4E9RMEAJ5"',
226 silly registry.get     'content-type': 'application/json',
226 silly registry.get     'cache-control': 'max-age=60',
226 silly registry.get     'content-length': '97043',
226 silly registry.get     'accept-ranges': 'bytes',
226 silly registry.get     via: '1.1 varnish',
226 silly registry.get     age: '58',
226 silly registry.get     'x-served-by': 'cache-fra1236-FRA',
226 silly registry.get     'x-cache': 'HIT',
226 silly registry.get     'x-cache-hits': '1',
226 silly registry.get     'x-timer': 'S1421918161.142951,VS0,VE0',
226 silly registry.get     vary: 'Accept',
226 silly registry.get     'keep-alive': 'timeout=10, max=50',
226 silly registry.get     connection: 'Keep-Alive' } ]
227 silly addNameRange number 2 { name: 'gulp', range: '>=3.5.6-0 <4.0.0-0', hasData: true }
228 silly addNameRange versions [ 'gulp',
228 silly addNameRange   [ '0.0.1',
228 silly addNameRange     '0.0.2',
228 silly addNameRange     '0.0.3',
228 silly addNameRange     '0.0.4',
228 silly addNameRange     '0.0.5',
228 silly addNameRange     '0.0.7',
228 silly addNameRange     '0.0.8',
228 silly addNameRange     '0.0.9',
228 silly addNameRange     '0.1.0',
228 silly addNameRange     '0.2.0',
228 silly addNameRange     '1.0.0',
228 silly addNameRange     '1.1.0',
228 silly addNameRange     '1.2.0',
228 silly addNameRange     '1.2.1',
228 silly addNameRange     '2.0.0',
228 silly addNameRange     '2.0.1',
228 silly addNameRange     '2.1.0',
228 silly addNameRange     '2.2.0',
228 silly addNameRange     '2.3.0',
228 silly addNameRange     '2.4.0',
228 silly addNameRange     '2.4.1',
228 silly addNameRange     '2.6.0',
228 silly addNameRange     '2.6.1',
228 silly addNameRange     '2.7.0',
228 silly addNameRange     '3.0.0',
228 silly addNameRange     '3.1.1',
228 silly addNameRange     '3.1.2',
228 silly addNameRange     '3.1.3',
228 silly addNameRange     '3.1.4',
228 silly addNameRange     '3.2.0',
228 silly addNameRange     '3.2.1',
228 silly addNameRange     '3.2.2',
228 silly addNameRange     '3.2.3',
228 silly addNameRange     '3.2.4',
228 silly addNameRange     '3.2.5',
228 silly addNameRange     '3.3.0',
228 silly addNameRange     '3.3.1',
228 silly addNameRange     '3.3.2',
228 silly addNameRange     '3.3.4',
228 silly addNameRange     '3.4.0',
228 silly addNameRange     '3.5.0',
228 silly addNameRange     '3.5.1',
228 silly addNameRange     '3.5.2',
228 silly addNameRange     '3.5.5',
228 silly addNameRange     '3.5.6',
228 silly addNameRange     '3.6.0',
228 silly addNameRange     '3.6.1',
228 silly addNameRange     '3.6.2',
228 silly addNameRange     '3.7.0',
228 silly addNameRange     '3.8.0',
228 silly addNameRange     '3.8.1',
228 silly addNameRange     '3.8.2',
228 silly addNameRange     '3.8.3',
228 silly addNameRange     '3.8.4',
228 silly addNameRange     '3.8.5',
228 silly addNameRange     '3.8.6',
228 silly addNameRange     '3.8.7',
228 silly addNameRange     '3.8.8',
228 silly addNameRange     '3.8.9',
228 silly addNameRange     '3.8.10' ] ]
229 verbose addNamed [ 'gulp', '3.8.10' ]
230 verbose addNamed [ '3.8.10', '3.8.10' ]
231 silly lockFile f843d0d7-gulp-3-8-10 gulp@3.8.10
232 verbose lock gulp@3.8.10 /Users/faizanshaikh/.npm/f843d0d7-gulp-3-8-10.lock
233 silly lockFile b3287162-y-npmjs-org-gulp-gulp-3-8-10-tgz https://registry.npmjs.org/gulp/-/gulp-3.8.10.tgz
234 verbose lock https://registry.npmjs.org/gulp/-/gulp-3.8.10.tgz /Users/faizanshaikh/.npm/b3287162-y-npmjs-org-gulp-gulp-3-8-10-tgz.lock
235 verbose addRemoteTarball [ 'https://registry.npmjs.org/gulp/-/gulp-3.8.10.tgz',
235 verbose addRemoteTarball   'bfb8fc156be97820f02a7f8b3af61a86666f9e31' ]
236 info retry fetch attempt 1 at 13:16:20
237 verbose fetch to= /var/folders/2j/kr6_nq2n56n4xfyht_tkx9180000gn/T/npm-61451-QH8l3MQi/registry.npmjs.org/gulp/-/gulp-3.8.10.tgz
238 http GET https://registry.npmjs.org/gulp/-/gulp-3.8.10.tgz
239 http 200 https://registry.npmjs.org/gulp-util
240 silly registry.get cb [ 200,
240 silly registry.get   { date: 'Thu, 22 Jan 2015 09:16:01 GMT',
240 silly registry.get     server: 'CouchDB/1.5.0 (Erlang OTP/R16B03)',
240 silly registry.get     etag: '"98TOAUFH0R2DOK3W2PXU88ACZ"',
240 silly registry.get     'content-type': 'application/json',
240 silly registry.get     'cache-control': 'max-age=60',
240 silly registry.get     'content-length': '51566',
240 silly registry.get     'accept-ranges': 'bytes',
240 silly registry.get     via: '1.1 varnish',
240 silly registry.get     age: '24',
240 silly registry.get     'x-served-by': 'cache-fra1247-FRA',
240 silly registry.get     'x-cache': 'HIT',
240 silly registry.get     'x-cache-hits': '1',
240 silly registry.get     'x-timer': 'S1421918161.385982,VS0,VE0',
240 silly registry.get     vary: 'Accept',
240 silly registry.get     'keep-alive': 'timeout=10, max=49',
240 silly registry.get     connection: 'Keep-Alive' } ]
241 silly addNameRange number 2 { name: 'gulp-util',
241 silly addNameRange   range: '>=2.2.14-0 <3.0.0-0',
241 silly addNameRange   hasData: true }
242 silly addNameRange versions [ 'gulp-util',
242 silly addNameRange   [ '0.0.1',
242 silly addNameRange     '1.0.0',
242 silly addNameRange     '1.1.0',
242 silly addNameRange     '1.1.1',
242 silly addNameRange     '1.2.0',
242 silly addNameRange     '1.3.0',
242 silly addNameRange     '2.0.0',
242 silly addNameRange     '2.1.1',
242 silly addNameRange     '2.1.2',
242 silly addNameRange     '2.1.3',
242 silly addNameRange     '2.1.4',
242 silly addNameRange     '2.2.0',
242 silly addNameRange     '2.2.1',
242 silly addNameRange     '2.2.2',
242 silly addNameRange     '2.2.3',
242 silly addNameRange     '2.2.5',
242 silly addNameRange     '2.2.6',
242 silly addNameRange     '2.2.7',
242 silly addNameRange     '2.2.8',
242 silly addNameRange     '2.2.9',
242 silly addNameRange     '2.2.10',
242 silly addNameRange     '2.2.11',
242 silly addNameRange     '2.2.12',
242 silly addNameRange     '2.2.13',
242 silly addNameRange     '2.2.14',
242 silly addNameRange     '2.2.15',
242 silly addNameRange     '2.2.16',
242 silly addNameRange     '2.2.17',
242 silly addNameRange     '2.2.18',
242 silly addNameRange     '2.2.19',
242 silly addNameRange     '2.2.20',
242 silly addNameRange     '3.0.0',
242 silly addNameRange     '3.0.1',
242 silly addNameRange     '3.0.2' ] ]
243 verbose addNamed [ 'gulp-util', '2.2.20' ]
244 verbose addNamed [ '2.2.20', '2.2.20' ]
245 silly lockFile 48c194cb-gulp-util-2-2-20 gulp-util@2.2.20
246 verbose lock gulp-util@2.2.20 /Users/faizanshaikh/.npm/48c194cb-gulp-util-2-2-20.lock
247 silly lockFile 34166e88-g-gulp-util-gulp-util-2-2-20-tgz https://registry.npmjs.org/gulp-util/-/gulp-util-2.2.20.tgz
248 verbose lock https://registry.npmjs.org/gulp-util/-/gulp-util-2.2.20.tgz /Users/faizanshaikh/.npm/34166e88-g-gulp-util-gulp-util-2-2-20-tgz.lock
249 verbose addRemoteTarball [ 'https://registry.npmjs.org/gulp-util/-/gulp-util-2.2.20.tgz',
249 verbose addRemoteTarball   'd7146e5728910bd8f047a6b0b1e549bc22dbd64c' ]
250 info retry fetch attempt 1 at 13:16:20
251 verbose fetch to= /var/folders/2j/kr6_nq2n56n4xfyht_tkx9180000gn/T/npm-61451-QH8l3MQi/registry.npmjs.org/gulp-util/-/gulp-util-2.2.20.tgz
252 http GET https://registry.npmjs.org/gulp-util/-/gulp-util-2.2.20.tgz
253 http 200 https://registry.npmjs.org/gulp-rename/-/gulp-rename-1.2.0.tgz
254 silly lockFile b4be9a05-ulp-rename-gulp-rename-1-2-0-tgz https://registry.npmjs.org/gulp-rename/-/gulp-rename-1.2.0.tgz
255 silly lockFile b4be9a05-ulp-rename-gulp-rename-1-2-0-tgz https://registry.npmjs.org/gulp-rename/-/gulp-rename-1.2.0.tgz
256 silly lockFile 5981c611-gulp-rename-1-2-0 gulp-rename@1.2.0
257 silly lockFile 5981c611-gulp-rename-1-2-0 gulp-rename@1.2.0
258 silly lockFile 31cef36d-gulp-rename-1-2-0 gulp-rename@^1.2.0
259 silly lockFile 31cef36d-gulp-rename-1-2-0 gulp-rename@^1.2.0
260 http 200 https://registry.npmjs.org/gulp-minify-css/-/gulp-minify-css-0.3.13.tgz
261 silly lockFile 8781e9f5-y-css-gulp-minify-css-0-3-13-tgz https://registry.npmjs.org/gulp-minify-css/-/gulp-minify-css-0.3.13.tgz
262 silly lockFile 8781e9f5-y-css-gulp-minify-css-0-3-13-tgz https://registry.npmjs.org/gulp-minify-css/-/gulp-minify-css-0.3.13.tgz
263 silly lockFile 9038a954-gulp-minify-css-0-3-13 gulp-minify-css@0.3.13
264 silly lockFile 9038a954-gulp-minify-css-0-3-13 gulp-minify-css@0.3.13
265 silly lockFile 97140670-gulp-minify-css-0-3-0 gulp-minify-css@^0.3.0
266 silly lockFile 97140670-gulp-minify-css-0-3-0 gulp-minify-css@^0.3.0
267 http 200 https://registry.npmjs.org/gulp-concat/-/gulp-concat-2.4.3.tgz
268 silly lockFile ed610d0c-ulp-concat-gulp-concat-2-4-3-tgz https://registry.npmjs.org/gulp-concat/-/gulp-concat-2.4.3.tgz
269 silly lockFile ed610d0c-ulp-concat-gulp-concat-2-4-3-tgz https://registry.npmjs.org/gulp-concat/-/gulp-concat-2.4.3.tgz
270 silly lockFile 07935a45-gulp-concat-2-4-3 gulp-concat@2.4.3
271 silly lockFile 07935a45-gulp-concat-2-4-3 gulp-concat@2.4.3
272 silly lockFile bade1119-gulp-concat-2-2-0 gulp-concat@^2.2.0
273 silly lockFile bade1119-gulp-concat-2-2-0 gulp-concat@^2.2.0
274 http 200 https://registry.npmjs.org/gulp-util/-/gulp-util-2.2.20.tgz
275 http 200 https://registry.npmjs.org/gulp-sass/-/gulp-sass-0.7.3.tgz
276 silly lockFile 34166e88-g-gulp-util-gulp-util-2-2-20-tgz https://registry.npmjs.org/gulp-util/-/gulp-util-2.2.20.tgz
277 silly lockFile 34166e88-g-gulp-util-gulp-util-2-2-20-tgz https://registry.npmjs.org/gulp-util/-/gulp-util-2.2.20.tgz
278 silly lockFile 48c194cb-gulp-util-2-2-20 gulp-util@2.2.20
279 silly lockFile 48c194cb-gulp-util-2-2-20 gulp-util@2.2.20
280 silly lockFile e3e5f16b-gulp-util-2-2-14 gulp-util@^2.2.14
281 silly lockFile e3e5f16b-gulp-util-2-2-14 gulp-util@^2.2.14
282 silly lockFile d66f14f4-rg-gulp-sass-gulp-sass-0-7-3-tgz https://registry.npmjs.org/gulp-sass/-/gulp-sass-0.7.3.tgz
283 silly lockFile d66f14f4-rg-gulp-sass-gulp-sass-0-7-3-tgz https://registry.npmjs.org/gulp-sass/-/gulp-sass-0.7.3.tgz
284 silly lockFile 721f0c96-gulp-sass-0-7-3 gulp-sass@0.7.3
285 silly lockFile 721f0c96-gulp-sass-0-7-3 gulp-sass@0.7.3
286 silly lockFile 77100620-gulp-sass-0-7-1 gulp-sass@^0.7.1
287 silly lockFile 77100620-gulp-sass-0-7-1 gulp-sass@^0.7.1
288 http 200 https://registry.npmjs.org/gulp/-/gulp-3.8.10.tgz
289 silly lockFile b3287162-y-npmjs-org-gulp-gulp-3-8-10-tgz https://registry.npmjs.org/gulp/-/gulp-3.8.10.tgz
290 silly lockFile b3287162-y-npmjs-org-gulp-gulp-3-8-10-tgz https://registry.npmjs.org/gulp/-/gulp-3.8.10.tgz
291 silly lockFile f843d0d7-gulp-3-8-10 gulp@3.8.10
292 silly lockFile f843d0d7-gulp-3-8-10 gulp@3.8.10
293 silly lockFile 28ac0b1b-gulp-3-5-6 gulp@^3.5.6
294 silly lockFile 28ac0b1b-gulp-3-5-6 gulp@^3.5.6
295 http 200 https://registry.npmjs.org/bower
296 silly registry.get cb [ 200,
296 silly registry.get   { date: 'Thu, 22 Jan 2015 09:16:02 GMT',
296 silly registry.get     server: 'CouchDB/1.5.0 (Erlang OTP/R16B03)',
296 silly registry.get     etag: '"BM4XOUYLXN0EGW9Q6SWUA1ZLW"',
296 silly registry.get     'content-type': 'application/json',
296 silly registry.get     'cache-control': 'max-age=60',
296 silly registry.get     'content-length': '106041',
296 silly registry.get     'accept-ranges': 'bytes',
296 silly registry.get     via: '1.1 varnish',
296 silly registry.get     age: '0',
296 silly registry.get     'x-served-by': 'cache-fra1220-FRA',
296 silly registry.get     'x-cache': 'HIT',
296 silly registry.get     'x-cache-hits': '1',
296 silly registry.get     'x-timer': 'S1421918161.290134,VS0,VE727',
296 silly registry.get     vary: 'Accept',
296 silly registry.get     'keep-alive': 'timeout=10, max=49',
296 silly registry.get     connection: 'Keep-Alive' } ]
297 silly addNameRange number 2 { name: 'bower', range: '>=1.3.3-0 <2.0.0-0', hasData: true }
298 silly addNameRange versions [ 'bower',
298 silly addNameRange   [ '0.1.0',
298 silly addNameRange     '0.1.2',
298 silly addNameRange     '0.1.3',
298 silly addNameRange     '0.2.0',
298 silly addNameRange     '0.3.0',
298 silly addNameRange     '0.3.1',
298 silly addNameRange     '0.3.2',
298 silly addNameRange     '0.4.0',
298 silly addNameRange     '0.5.0',
298 silly addNameRange     '0.5.1',
298 silly addNameRange     '0.6.0',
298 silly addNameRange     '0.6.1',
298 silly addNameRange     '0.6.2',
298 silly addNameRange     '0.6.3',
298 silly addNameRange     '0.6.4',
298 silly addNameRange     '0.6.5',
298 silly addNameRange     '0.6.6',
298 silly addNameRange     '0.6.7',
298 silly addNameRange     '0.6.8',
298 silly addNameRange     '0.7.0',
298 silly addNameRange     '0.7.1',
298 silly addNameRange     '0.8.0',
298 silly addNameRange     '0.8.1',
298 silly addNameRange     '0.8.2',
298 silly addNameRange     '0.8.3',
298 silly addNameRange     '0.8.4',
298 silly addNameRange     '0.8.5',
298 silly addNameRange     '0.8.6',
298 silly addNameRange     '0.9.0',
298 silly addNameRange     '0.9.1',
298 silly addNameRange     '0.9.2',
298 silly addNameRange     '0.10.0',
298 silly addNameRange     '1.0.0',
298 silly addNameRange     '1.0.1',
298 silly addNameRange     '1.0.2',
298 silly addNameRange     '1.0.3',
298 silly addNameRange     '1.1.0',
298 silly addNameRange     '1.1.1',
298 silly addNameRange     '1.1.2',
298 silly addNameRange     '1.2.0',
298 silly addNameRange     '1.2.1',
298 silly addNameRange     '1.2.2',
298 silly addNameRange     '1.2.3',
298 silly addNameRange     '1.2.4',
298 silly addNameRange     '1.2.5',
298 silly addNameRange     '1.2.6',
298 silly addNameRange     '1.2.7',
298 silly addNameRange     '1.2.8',
298 silly addNameRange     '1.3.0',
298 silly addNameRange     '1.3.1',
298 silly addNameRange     '1.3.2',
298 silly addNameRange     '1.3.3',
298 silly addNameRange     '1.3.4',
298 silly addNameRange     '1.3.5',
298 silly addNameRange     '1.3.6',
298 silly addNameRange     '1.3.7',
298 silly addNameRange     '1.3.8',
298 silly addNameRange     '1.3.9',
298 silly addNameRange     '1.3.10',
298 silly addNameRange     '1.3.11',
298 silly addNameRange     '1.3.12' ] ]
299 verbose addNamed [ 'bower', '1.3.12' ]
300 verbose addNamed [ '1.3.12', '1.3.12' ]
301 silly lockFile 9819431c-bower-1-3-12 bower@1.3.12
302 verbose lock bower@1.3.12 /Users/faizanshaikh/.npm/9819431c-bower-1-3-12.lock
303 silly lockFile b05fd70b-npmjs-org-bower-bower-1-3-12-tgz https://registry.npmjs.org/bower/-/bower-1.3.12.tgz
304 verbose lock https://registry.npmjs.org/bower/-/bower-1.3.12.tgz /Users/faizanshaikh/.npm/b05fd70b-npmjs-org-bower-bower-1-3-12-tgz.lock
305 verbose addRemoteTarball [ 'https://registry.npmjs.org/bower/-/bower-1.3.12.tgz',
305 verbose addRemoteTarball   '37de0edb3904baf90aee13384a1a379a05ee214c' ]
306 info retry fetch attempt 1 at 13:16:21
307 verbose fetch to= /var/folders/2j/kr6_nq2n56n4xfyht_tkx9180000gn/T/npm-61451-QH8l3MQi/registry.npmjs.org/bower/-/bower-1.3.12.tgz
308 http GET https://registry.npmjs.org/bower/-/bower-1.3.12.tgz
309 http 200 https://registry.npmjs.org/bower/-/bower-1.3.12.tgz
310 silly lockFile b05fd70b-npmjs-org-bower-bower-1-3-12-tgz https://registry.npmjs.org/bower/-/bower-1.3.12.tgz
311 silly lockFile b05fd70b-npmjs-org-bower-bower-1-3-12-tgz https://registry.npmjs.org/bower/-/bower-1.3.12.tgz
312 silly lockFile 9819431c-bower-1-3-12 bower@1.3.12
313 silly lockFile 9819431c-bower-1-3-12 bower@1.3.12
314 silly lockFile 0aa5c27e-bower-1-3-3 bower@^1.3.3
315 silly lockFile 0aa5c27e-bower-1-3-3 bower@^1.3.3
316 error Error: EACCES, mkdir '/Users/faizanshaikh/.npm/gulp-util/2.2.20'
316 error  { [Error: EACCES, mkdir '/Users/faizanshaikh/.npm/gulp-util/2.2.20']
316 error   errno: 3,
316 error   code: 'EACCES',
316 error   path: '/Users/faizanshaikh/.npm/gulp-util/2.2.20',
316 error   parent: 'myapp' }
317 error Please try running this command again as root/Administrator.
318 error System Darwin 14.0.0
319 error command "node" "/usr/local/bin/npm" "install"
320 error cwd /Users/faizanshaikh/Documents/testionic/myApp
321 error node -v v0.10.35
322 error npm -v 1.4.28
323 error path /Users/faizanshaikh/.npm/gulp-util/2.2.20
324 error code EACCES
325 error errno 3
326 error stack Error: EACCES, mkdir '/Users/faizanshaikh/.npm/gulp-util/2.2.20'
327 verbose exit [ 3, true ]
